============================= test session starts =============================
platform win32 -- Python 3.13.7, pytest-9.0.2, pluggy-1.6.0
rootdir: C:\Users\sandr\Bug Tracker
plugins: anyio-4.10.0, Flask-Dance-7.1.0, flask-1.3.0
collected 3 items

tests\test_basic.py ...                                                  [100%]

============================== warnings summary ===============================
tests/test_basic.py::test_signup
tests/test_basic.py::test_api_access_without_login
tests/test_basic.py::test_analytics_api_consistency
  C:\Users\sandr\AppData\Local\Programs\Python\Python313\Lib\site-packages\flask_limiter\_extension.py:364: UserWarning: Using the in-memory storage for tracking rate limits as no storage was explicitly specified. This is not recommended for production use. See: https://flask-limiter.readthedocs.io#configuring-a-storage-backend for documentation about configuring the storage backend.
    warnings.warn(

tests/test_basic.py::test_signup
  C:\Users\sandr\Bug Tracker\routes\main.py:88: DeprecationWarning: datetime.datetime.utcnow() is deprecated and scheduled for removal in a future version. Use timezone-aware objects to represent datetimes in UTC: datetime.datetime.now(datetime.UTC).
    new_user.verification_expiry = datetime.utcnow() + timedelta(hours=1)

tests/test_basic.py::test_signup
tests/test_basic.py::test_signup
tests/test_basic.py::test_analytics_api_consistency
tests/test_basic.py::test_analytics_api_consistency
  C:\Users\sandr\AppData\Local\Programs\Python\Python313\Lib\site-packages\sqlalchemy\sql\schema.py:3624: DeprecationWarning: datetime.datetime.utcnow() is deprecated and scheduled for removal in a future version. Use timezone-aware objects to represent datetimes in UTC: datetime.datetime.now(datetime.UTC).
    return util.wrap_callable(lambda ctx: fn(), fn)  # type: ignore

-- Docs: https://docs.pytest.org/en/stable/how-to/capture-warnings.html
======================== 3 passed, 8 warnings in 7.49s ========================
